
=CRASH REPORT==== 19-Jan-2016::09:50:45 ===
  crasher:
    initial call: calendarApp_server:init/1
    pid: <0.217.0>
    registered_name: []
    exception exit: {undef,
                        [{mnesia,create_schema,[['calendarApp@127.0.0.1']],[]},
                         {calendarApp_db,init,0,
                             [{file,"src/calendarApp_db.erl"},{line,7}]},
                         {calendarApp_server,init,1,
                             [{file,"src/calendarApp_server.erl"},{line,49}]},
                         {gen_server,init_it,6,
                             [{file,"gen_server.erl"},{line,304}]},
                         {proc_lib,init_p_do_apply,3,
                             [{file,"proc_lib.erl"},{line,239}]}]}
      in function  gen_server:init_it/6 (gen_server.erl, line 328)
    ancestors: [calendarApp_sup,<0.215.0>]
    messages: []
    links: [<0.216.0>]
    dictionary: []
    trap_exit: true
    status: running
    heap_size: 610
    stack_size: 27
    reductions: 171
  neighbours:

=SUPERVISOR REPORT==== 19-Jan-2016::09:50:45 ===
     Supervisor: {local,calendarApp_sup}
     Context:    start_error
     Reason:     {undef,
                     [{mnesia,create_schema,[['calendarApp@127.0.0.1']],[]},
                      {calendarApp_db,init,0,
                          [{file,"src/calendarApp_db.erl"},{line,7}]},
                      {calendarApp_server,init,1,
                          [{file,"src/calendarApp_server.erl"},{line,49}]},
                      {gen_server,init_it,6,
                          [{file,"gen_server.erl"},{line,304}]},
                      {proc_lib,init_p_do_apply,3,
                          [{file,"proc_lib.erl"},{line,239}]}]}
     Offender:   [{pid,undefined},
                  {name,calendarApp_server},
                  {mfargs,{calendarApp_server,start_link,[]}},
                  {restart_type,permanent},
                  {shutdown,5000},
                  {child_type,worker}]


=CRASH REPORT==== 19-Jan-2016::09:50:45 ===
  crasher:
    initial call: application_master:init/4
    pid: <0.214.0>
    registered_name: []
    exception exit: {{shutdown,
                         {failed_to_start_child,calendarApp_server,
                             {undef,
                                 [{mnesia,create_schema,
                                      [['calendarApp@127.0.0.1']],
                                      []},
                                  {calendarApp_db,init,0,
                                      [{file,"src/calendarApp_db.erl"},
                                       {line,7}]},
                                  {calendarApp_server,init,1,
                                      [{file,"src/calendarApp_server.erl"},
                                       {line,49}]},
                                  {gen_server,init_it,6,
                                      [{file,"gen_server.erl"},{line,304}]},
                                  {proc_lib,init_p_do_apply,3,
                                      [{file,"proc_lib.erl"},{line,239}]}]}}},
                     {calendarApp_app,start,[normal,[]]}}
      in function  application_master:init/4 (application_master.erl, line 133)
    ancestors: [<0.213.0>]
    messages: [{'EXIT',<0.215.0>,normal}]
    links: [<0.213.0>,<0.173.0>]
    dictionary: []
    trap_exit: true
    status: running
    heap_size: 610
    stack_size: 27
    reductions: 170
  neighbours:
